<?xml version="1.0" encoding="UTF-8"?>
<!-- Generated by org.testng.reporters.JUnitXMLReporter -->
<testsuite hostname="INW1PF1PY3M7" ignored="0" name="Default test" tests="3" failures="0" timestamp="18 Jan 2020 21:00:35 GMT" time="28.831" errors="0">
  <testcase name="emailValidateForValidUser" time="9.758" classname="com.freenow.testScripts.UserBlog"/>
  <testcase name="emailValidateUserWithInValidUsername" time="0.557" classname="com.freenow.testScripts.UserBlog"/>
  <testcase name="emailValidateUserWithSpecialcharactor" time="18.49" classname="com.freenow.testScripts.UserBlog"/>
</testsuite> <!-- Default test -->
