<?xml version="1.0" encoding="UTF-8"?>
<!-- Generated by org.testng.reporters.JUnitXMLReporter -->
<testsuite hostname="INW1PF1KTKR8" ignored="0" name="Test" tests="3" failures="0" timestamp="30 Jan 2020 17:46:55 GMT" time="18.829" errors="0">
  <testcase name="emailValidateForValidUser" time="7.249" classname="com.freenow.testScripts.UserBlog"/>
  <testcase name="emailValidateUserWithInValidUsername" time="0.37" classname="com.freenow.testScripts.UserBlog"/>
  <testcase name="emailValidateUserWithSpecialcharactor" time="11.19" classname="com.freenow.testScripts.UserBlog"/>
</testsuite> <!-- Test -->
